# ===== ===== ===== ===== ===== ===== ===== ===== ===== =====
# Please refer to the last item for error reporting details.
# Please refer to the last item for error reporting details.
# Please refer to the last item for error reporting details.
# ===== ===== ===== ===== ===== ===== ===== ===== ===== =====
2026-02-13 23:31:52 START: 
MapOfTaggedObjects::addComponent - not adding as one with similar tag exists, tag: 8
ERROR could not add uniaaialMaterial.
Parameter::addComponent 1 -- no objects were able to identify parameter
Avy 
Parameter::addComponent 1 -- no objects were able to identify parameter
Avz 
Parameter::addComponent 1 -- no objects were able to identify parameter
Avy 
Parameter::addComponent 1 -- no objects were able to identify parameter
Avz 
Parameter::addComponent 1 -- no objects were able to identify parameter
Avy 
Parameter::addComponent 1 -- no objects were able to identify parameter
Avz 
Parameter::addComponent 1 -- no objects were able to identify parameter
Avy 
Parameter::addComponent 1 -- no objects were able to identify parameter
Avz 
Parameter::addComponent 1 -- no objects were able to identify parameter
Avy 
Parameter::addComponent 1 -- no objects were able to identify parameter
Avz 
DiagonalDirectSolver::solve() -  aii = 0 (i, aii): (3, 0)
WARNING Linear::solveCurrentStep() -the LinearSOE failed in solve()
DirectIntegrationAnalysis::analyze() - the Algorithm failed at time 0
OpenSees > analyze failed, returned: -3 error flag
Parameter::addComponent 1 -- no objects were able to identify parameter
Avy 
Parameter::addComponent 1 -- no objects were able to identify parameter
Avz 
Parameter::addComponent 1 -- no objects were able to identify parameter
Avy 
Parameter::addComponent 1 -- no objects were able to identify parameter
Avz 
Parameter::addComponent 1 -- no objects were able to identify parameter
Avy 
Parameter::addComponent 1 -- no objects were able to identify parameter
Avz 
Parameter::addComponent 1 -- no objects were able to identify parameter
Avy 
Parameter::addComponent 1 -- no objects were able to identify parameter
Avz 
Parameter::addComponent 1 -- no objects were able to identify parameter
Avy 
Parameter::addComponent 1 -- no objects were able to identify parameter
Avz 
Parameter::addComponent 1 -- no objects were able to identify parameter
Avy 
Parameter::addComponent 1 -- no objects were able to identify parameter
Avz 
Parameter::addComponent 1 -- no objects were able to identify parameter
Avy 
Parameter::addComponent 1 -- no objects were able to identify parameter
Avz 
Parameter::addComponent 1 -- no objects were able to identify parameter
Avy 
Parameter::addComponent 1 -- no objects were able to identify parameter
Avz 
Parameter::addComponent 1 -- no objects were able to identify parameter
Avy 
Parameter::addComponent 1 -- no objects were able to identify parameter
Avz 
Parameter::addComponent 1 -- no objects were able to identify parameter
Avy 
Parameter::addComponent 1 -- no objects were able to identify parameter
Avz 
Parameter::addComponent 1 -- no objects were able to identify parameter
Avy 
Parameter::addComponent 1 -- no objects were able to identify parameter
Avz 
Parameter::addComponent 1 -- no objects were able to identify parameter
Avy 
Parameter::addComponent 1 -- no objects were able to identify parameter
Avz 
Parameter::addComponent 1 -- no objects were able to identify parameter
Avy 
Parameter::addComponent 1 -- no objects were able to identify parameter
Avz 
Parameter::addComponent 1 -- no objects were able to identify parameter
Avy 
Parameter::addComponent 1 -- no objects were able to identify parameter
Avz 
Parameter::addComponent 1 -- no objects were able to identify parameter
Avy 
Parameter::addComponent 1 -- no objects were able to identify parameter
Avz 
Parameter::addComponent 1 -- no objects were able to identify parameter
Avy 
Parameter::addComponent 1 -- no objects were able to identify parameter
Avz 
Parameter::addComponent 1 -- no objects were able to identify parameter
Avy 
Parameter::addComponent 1 -- no objects were able to identify parameter
Avz 
Parameter::addComponent 1 -- no objects were able to identify parameter
Avy 
Parameter::addComponent 1 -- no objects were able to identify parameter
Avz 
Parameter::addComponent 1 -- no objects were able to identify parameter
Avy 
Parameter::addComponent 1 -- no objects were able to identify parameter
Avz 
Parameter::addComponent 1 -- no objects were able to identify parameter
Avy 
Parameter::addComponent 1 -- no objects were able to identify parameter
Avz 
Parameter::addComponent 1 -- no objects were able to identify parameter
Avy 
Parameter::addComponent 1 -- no objects were able to identify parameter
Avz 
Parameter::addComponent 1 -- no objects were able to identify parameter
Avy 
Parameter::addComponent 1 -- no objects were able to identify parameter
Avz 
Parameter::addComponent 1 -- no objects were able to identify parameter
Avy 
Parameter::addComponent 1 -- no objects were able to identify parameter
Avz 
Parameter::addComponent 1 -- no objects were able to identify parameter
Avy 
Parameter::addComponent 1 -- no objects were able to identify parameter
Avz 
Parameter::addComponent 1 -- no objects were able to identify parameter
Avy 
Parameter::addComponent 1 -- no objects were able to identify parameter
Avz 
Parameter::addComponent 1 -- no objects were able to identify parameter
Avy 
Parameter::addComponent 1 -- no objects were able to identify parameter
Avz 
Parameter::addComponent 1 -- no objects were able to identify parameter
Avy 
Parameter::addComponent 1 -- no objects were able to identify parameter
Avz 
Parameter::addComponent 1 -- no objects were able to identify parameter
Avy 
Parameter::addComponent 1 -- no objects were able to identify parameter
Avz 
Parameter::addComponent 1 -- no objects were able to identify parameter
Avy 
Parameter::addComponent 1 -- no objects were able to identify parameter
Avz 
Parameter::addComponent 1 -- no objects were able to identify parameter
Avy 
Parameter::addComponent 1 -- no objects were able to identify parameter
Avz 
Parameter::addComponent 1 -- no objects were able to identify parameter
Avy 
Parameter::addComponent 1 -- no objects were able to identify parameter
Avz 
Parameter::addComponent 1 -- no objects were able to identify parameter
Avy 
Parameter::addComponent 1 -- no objects were able to identify parameter
Avz 
Parameter::addComponent 1 -- no objects were able to identify parameter
Avy 
Parameter::addComponent 1 -- no objects were able to identify parameter
Avz 
Parameter::addComponent 1 -- no objects were able to identify parameter
Avy 
Parameter::addComponent 1 -- no objects were able to identify parameter
Avz 
Parameter::addComponent 1 -- no objects were able to identify parameter
Avy 
Parameter::addComponent 1 -- no objects were able to identify parameter
Avz 
Parameter::addComponent 1 -- no objects were able to identify parameter
Avy 
Parameter::addComponent 1 -- no objects were able to identify parameter
Avz 
Parameter::addComponent 1 -- no objects were able to identify parameter
Avy 
Parameter::addComponent 1 -- no objects were able to identify parameter
Avz 
Parameter::addComponent 1 -- no objects were able to identify parameter
Avy 
Parameter::addComponent 1 -- no objects were able to identify parameter
Avz 
Parameter::addComponent 1 -- no objects were able to identify parameter
Avy 
Parameter::addComponent 1 -- no objects were able to identify parameter
Avz 
Parameter::addComponent 1 -- no objects were able to identify parameter
Avy 
Parameter::addComponent 1 -- no objects were able to identify parameter
Avz 
Parameter::addComponent 1 -- no objects were able to identify parameter
Avy 
Parameter::addComponent 1 -- no objects were able to identify parameter
Avz 
Parameter::addComponent 1 -- no objects were able to identify parameter
Avy 
Parameter::addComponent 1 -- no objects were able to identify parameter
Avz 
Parameter::addComponent 1 -- no objects were able to identify parameter
Avy 
Parameter::addComponent 1 -- no objects were able to identify parameter
Avz 
Parameter::addComponent 1 -- no objects were able to identify parameter
Avy 
Parameter::addComponent 1 -- no objects were able to identify parameter
Avz 
Parameter::addComponent 1 -- no objects were able to identify parameter
Avy 
Parameter::addComponent 1 -- no objects were able to identify parameter
Avz 
Parameter::addComponent 1 -- no objects were able to identify parameter
Avy 
Parameter::addComponent 1 -- no objects were able to identify parameter
Avz 
Parameter::addComponent 1 -- no objects were able to identify parameter
Avy 
Parameter::addComponent 1 -- no objects were able to identify parameter
Avz 
Parameter::addComponent 1 -- no objects were able to identify parameter
Avy 
Parameter::addComponent 1 -- no objects were able to identify parameter
Avz 
Parameter::addComponent 1 -- no objects were able to identify parameter
Avy 
Parameter::addComponent 1 -- no objects were able to identify parameter
Avz 
Parameter::addComponent 1 -- no objects were able to identify parameter
Avy 
Parameter::addComponent 1 -- no objects were able to identify parameter
Avz 
